[debug] [2026-04-30T00:30:02.607Z] [Firebase Plugin] Activating Firebase extension.
[debug] [2026-04-30T00:30:05.693Z] [Firebase Plugin] requireAuthWrapper
[debug] [2026-04-30T00:30:05.699Z] > command requires scopes: ["email","openid","https://www.googleapis.com/auth/cloudplatformprojects.readonly","https://www.googleapis.com/auth/firebase","https://www.googleapis.com/auth/cloud-platform"]
[debug] [2026-04-30T00:30:05.700Z] > authorizing via signed-in user (empressempiresllc@gmail.com)
[debug] [2026-04-30T00:30:05.707Z] Checked if tokens are valid: false, expires at: 1776007980344
[debug] [2026-04-30T00:30:05.708Z] Checked if tokens are valid: false, expires at: 1776007980344
[debug] [2026-04-30T00:30:05.709Z] > refreshing access token with scopes: []
[debug] [2026-04-30T00:30:05.710Z] >>> [apiv2][query] POST https://www.googleapis.com/oauth2/v3/token [none]
[debug] [2026-04-30T00:30:05.710Z] >>> [apiv2][body] POST https://www.googleapis.com/oauth2/v3/token [omitted]
[debug] [2026-04-30T00:30:06.231Z] <<< [apiv2][status] POST https://www.googleapis.com/oauth2/v3/token 200
[debug] [2026-04-30T00:30:06.232Z] <<< [apiv2][body] POST https://www.googleapis.com/oauth2/v3/token [omitted]
[debug] [2026-04-30T00:30:06.254Z] [Firebase Plugin] User found:  empressempiresllc@gmail.com
[info] [Firebase Plugin] (Core:Project) New user detected, fetching projects
[debug] [2026-04-30T00:30:06.256Z] Checked if tokens are valid: true, expires at: 1777512605232
[debug] [2026-04-30T00:30:06.257Z] >>> [apiv2][query] GET https://firebase.googleapis.com/v1beta1/projects pageSize=1000
[debug] [2026-04-30T00:30:06.653Z] <<< [apiv2][status] GET https://firebase.googleapis.com/v1beta1/projects 200
[debug] [2026-04-30T00:30:06.654Z] <<< [apiv2][body] GET https://firebase.googleapis.com/v1beta1/projects [omitted]
[debug] [2026-05-01T01:10:56.235Z] [Firebase Plugin] Activating Firebase extension.
[info] [Firebase Plugin] Checked firebase-tools, is up to date!
[debug] [2026-05-01T01:11:32.354Z] [Firebase Plugin] requireAuthWrapper
[debug] [2026-05-01T01:11:32.409Z] > command requires scopes: ["email","openid","https://www.googleapis.com/auth/cloudplatformprojects.readonly","https://www.googleapis.com/auth/firebase","https://www.googleapis.com/auth/cloud-platform"]
[debug] [2026-05-01T01:11:32.410Z] > authorizing via signed-in user (empressempiresllc@gmail.com)
[debug] [2026-05-01T01:11:32.417Z] Checked if tokens are valid: false, expires at: 1777592917522
[debug] [2026-05-01T01:11:32.417Z] Checked if tokens are valid: false, expires at: 1777592917522
[debug] [2026-05-01T01:11:32.418Z] > refreshing access token with scopes: []
[debug] [2026-05-01T01:11:32.421Z] >>> [apiv2][query] POST https://www.googleapis.com/oauth2/v3/token [none]
[debug] [2026-05-01T01:11:32.421Z] >>> [apiv2][body] POST https://www.googleapis.com/oauth2/v3/token [omitted]
[debug] [2026-05-01T01:11:34.017Z] <<< [apiv2][status] POST https://www.googleapis.com/oauth2/v3/token 200
[debug] [2026-05-01T01:11:34.017Z] <<< [apiv2][body] POST https://www.googleapis.com/oauth2/v3/token [omitted]
[debug] [2026-05-01T01:11:34.048Z] [Firebase Plugin] User found:  empressempiresllc@gmail.com
[info] [Firebase Plugin] (Core:Project) New user detected, fetching projects
[debug] [2026-05-01T01:11:34.050Z] Checked if tokens are valid: true, expires at: 1777601493018
[debug] [2026-05-01T01:11:34.051Z] >>> [apiv2][query] GET https://firebase.googleapis.com/v1beta1/projects pageSize=1000
[debug] [2026-05-01T01:11:41.109Z] <<< [apiv2][status] GET https://firebase.googleapis.com/v1beta1/projects 200
[debug] [2026-05-01T01:11:41.111Z] <<< [apiv2][body] GET https://firebase.googleapis.com/v1beta1/projects [omitted]
[debug] [2026-05-02T16:56:40.380Z] [Firebase Plugin] Activating Firebase extension.
[info] [Firebase Plugin] Checked firebase-tools, is up to date!
[debug] [2026-05-02T16:56:52.108Z] [Firebase Plugin] requireAuthWrapper
[debug] [2026-05-02T16:56:52.112Z] > command requires scopes: ["email","openid","https://www.googleapis.com/auth/cloudplatformprojects.readonly","https://www.googleapis.com/auth/firebase","https://www.googleapis.com/auth/cloud-platform"]
[debug] [2026-05-02T16:56:52.112Z] > authorizing via signed-in user (empressempiresllc@gmail.com)
[debug] [2026-05-02T16:56:52.115Z] Checked if tokens are valid: false, expires at: 1777687517633
[debug] [2026-05-02T16:56:52.115Z] Checked if tokens are valid: false, expires at: 1777687517633
[debug] [2026-05-02T16:56:52.116Z] > refreshing access token with scopes: []
[debug] [2026-05-02T16:56:52.119Z] >>> [apiv2][query] POST https://www.googleapis.com/oauth2/v3/token [none]
[debug] [2026-05-02T16:56:52.120Z] >>> [apiv2][body] POST https://www.googleapis.com/oauth2/v3/token [omitted]
[debug] [2026-05-02T16:56:52.845Z] <<< [apiv2][status] POST https://www.googleapis.com/oauth2/v3/token 200
[debug] [2026-05-02T16:56:52.845Z] <<< [apiv2][body] POST https://www.googleapis.com/oauth2/v3/token [omitted]
[debug] [2026-05-02T16:56:52.882Z] [Firebase Plugin] User found:  empressempiresllc@gmail.com
[info] [Firebase Plugin] (Core:Project) New user detected, fetching projects
[debug] [2026-05-02T16:56:52.885Z] Checked if tokens are valid: true, expires at: 1777744611846
[debug] [2026-05-02T16:56:52.886Z] >>> [apiv2][query] GET https://firebase.googleapis.com/v1beta1/projects pageSize=1000
[debug] [2026-05-02T16:56:54.048Z] <<< [apiv2][status] GET https://firebase.googleapis.com/v1beta1/projects 200
[debug] [2026-05-02T16:56:54.049Z] <<< [apiv2][body] GET https://firebase.googleapis.com/v1beta1/projects [omitted]
[debug] [2026-05-03T18:22:04.999Z] [Firebase Plugin] Activating Firebase extension.
[info] [Firebase Plugin] Checked firebase-tools, is up to date!
[debug] [2026-05-03T18:22:12.352Z] [Firebase Plugin] requireAuthWrapper
[debug] [2026-05-03T18:22:12.358Z] > command requires scopes: ["email","openid","https://www.googleapis.com/auth/cloudplatformprojects.readonly","https://www.googleapis.com/auth/firebase","https://www.googleapis.com/auth/cloud-platform"]
[debug] [2026-05-03T18:22:12.359Z] > authorizing via signed-in user (empressempiresllc@gmail.com)
[debug] [2026-05-03T18:22:12.363Z] Checked if tokens are valid: false, expires at: 1777829635080
[debug] [2026-05-03T18:22:12.364Z] Checked if tokens are valid: false, expires at: 1777829635080
[debug] [2026-05-03T18:22:12.365Z] > refreshing access token with scopes: []
[debug] [2026-05-03T18:22:12.368Z] >>> [apiv2][query] POST https://www.googleapis.com/oauth2/v3/token [none]
[debug] [2026-05-03T18:22:12.369Z] >>> [apiv2][body] POST https://www.googleapis.com/oauth2/v3/token [omitted]
[debug] [2026-05-03T18:22:34.900Z] [Firebase Plugin] Activating Firebase extension.
[info] [Firebase Plugin] Checked firebase-tools, is up to date!
[debug] [2026-05-03T18:22:37.854Z] [Firebase Plugin] requireAuthWrapper
[debug] [2026-05-03T18:22:37.858Z] > command requires scopes: ["email","openid","https://www.googleapis.com/auth/cloudplatformprojects.readonly","https://www.googleapis.com/auth/firebase","https://www.googleapis.com/auth/cloud-platform"]
[debug] [2026-05-03T18:22:37.858Z] > authorizing via signed-in user (empressempiresllc@gmail.com)
[debug] [2026-05-03T18:22:37.862Z] Checked if tokens are valid: false, expires at: 1777829635080
[debug] [2026-05-03T18:22:37.862Z] Checked if tokens are valid: false, expires at: 1777829635080
[debug] [2026-05-03T18:22:37.863Z] > refreshing access token with scopes: []
[debug] [2026-05-03T18:22:37.865Z] >>> [apiv2][query] POST https://www.googleapis.com/oauth2/v3/token [none]
[debug] [2026-05-03T18:22:37.865Z] >>> [apiv2][body] POST https://www.googleapis.com/oauth2/v3/token [omitted]
[debug] [2026-05-03T18:22:38.262Z] <<< [apiv2][status] POST https://www.googleapis.com/oauth2/v3/token 200
[debug] [2026-05-03T18:22:38.262Z] <<< [apiv2][body] POST https://www.googleapis.com/oauth2/v3/token [omitted]
[debug] [2026-05-03T18:22:38.290Z] [Firebase Plugin] User found:  empressempiresllc@gmail.com
[info] [Firebase Plugin] (Core:Project) New user detected, fetching projects
[debug] [2026-05-03T18:22:38.292Z] Checked if tokens are valid: true, expires at: 1777836157263
[debug] [2026-05-03T18:22:38.293Z] >>> [apiv2][query] GET https://firebase.googleapis.com/v1beta1/projects pageSize=1000
[debug] [2026-05-03T18:22:39.022Z] <<< [apiv2][status] GET https://firebase.googleapis.com/v1beta1/projects 200
[debug] [2026-05-03T18:22:39.022Z] <<< [apiv2][body] GET https://firebase.googleapis.com/v1beta1/projects [omitted]
[debug] [2026-05-03T18:23:01.672Z] [Firebase Plugin] Activating Firebase extension.
[info] [Firebase Plugin] Checked firebase-tools, is up to date!
[debug] [2026-05-03T18:23:08.735Z] [Firebase Plugin] requireAuthWrapper
[debug] [2026-05-03T18:23:08.739Z] > command requires scopes: ["email","openid","https://www.googleapis.com/auth/cloudplatformprojects.readonly","https://www.googleapis.com/auth/firebase","https://www.googleapis.com/auth/cloud-platform"]
[debug] [2026-05-03T18:23:08.740Z] > authorizing via signed-in user (empressempiresllc@gmail.com)
[debug] [2026-05-03T18:23:08.744Z] Checked if tokens are valid: true, expires at: 1777836157263
[debug] [2026-05-03T18:23:08.744Z] Checked if tokens are valid: true, expires at: 1777836157263
[debug] [2026-05-03T18:23:08.745Z] [Firebase Plugin] User found:  empressempiresllc@gmail.com
[info] [Firebase Plugin] (Core:Project) New user detected, fetching projects
[debug] [2026-05-03T18:23:08.747Z] Checked if tokens are valid: true, expires at: 1777836157263
[debug] [2026-05-03T18:23:08.749Z] >>> [apiv2][query] GET https://firebase.googleapis.com/v1beta1/projects pageSize=1000
[debug] [2026-05-03T18:23:10.504Z] <<< [apiv2][status] GET https://firebase.googleapis.com/v1beta1/projects 200
[debug] [2026-05-03T18:23:10.505Z] <<< [apiv2][body] GET https://firebase.googleapis.com/v1beta1/projects [omitted]
[debug] [2026-05-03T18:24:45.078Z] [Firebase Plugin] Activating Firebase extension.
[info] [Firebase Plugin] Checked firebase-tools, is up to date!
[debug] [2026-05-03T18:24:51.862Z] [Firebase Plugin] requireAuthWrapper
[debug] [2026-05-03T18:24:51.866Z] > command requires scopes: ["email","openid","https://www.googleapis.com/auth/cloudplatformprojects.readonly","https://www.googleapis.com/auth/firebase","https://www.googleapis.com/auth/cloud-platform"]
[debug] [2026-05-03T18:24:51.867Z] > authorizing via signed-in user (empressempiresllc@gmail.com)
[debug] [2026-05-03T18:24:51.870Z] Checked if tokens are valid: true, expires at: 1777836157263
[debug] [2026-05-03T18:24:51.870Z] Checked if tokens are valid: true, expires at: 1777836157263
[debug] [2026-05-03T18:24:51.871Z] [Firebase Plugin] User found:  empressempiresllc@gmail.com
[info] [Firebase Plugin] (Core:Project) New user detected, fetching projects
[debug] [2026-05-03T18:24:51.873Z] Checked if tokens are valid: true, expires at: 1777836157263
[debug] [2026-05-03T18:24:51.874Z] >>> [apiv2][query] GET https://firebase.googleapis.com/v1beta1/projects pageSize=1000
[debug] [2026-05-03T18:24:52.344Z] <<< [apiv2][status] GET https://firebase.googleapis.com/v1beta1/projects 200
[debug] [2026-05-03T18:24:52.344Z] <<< [apiv2][body] GET https://firebase.googleapis.com/v1beta1/projects [omitted]
[debug] [2026-05-03T18:36:25.700Z] [Firebase Plugin] Activating Firebase extension.
[info] [Firebase Plugin] Checked firebase-tools, is up to date!
[debug] [2026-05-03T18:36:35.142Z] [Firebase Plugin] requireAuthWrapper
[debug] [2026-05-03T18:36:35.155Z] > command requires scopes: ["email","openid","https://www.googleapis.com/auth/cloudplatformprojects.readonly","https://www.googleapis.com/auth/firebase","https://www.googleapis.com/auth/cloud-platform"]
[debug] [2026-05-03T18:36:35.156Z] > authorizing via signed-in user (empressempiresllc@gmail.com)
[debug] [2026-05-03T18:36:35.159Z] Checked if tokens are valid: true, expires at: 1777836157263
[debug] [2026-05-03T18:36:35.160Z] Checked if tokens are valid: true, expires at: 1777836157263
[debug] [2026-05-03T18:36:35.161Z] [Firebase Plugin] User found:  empressempiresllc@gmail.com
[info] [Firebase Plugin] (Core:Project) New user detected, fetching projects
[debug] [2026-05-03T18:36:35.162Z] Checked if tokens are valid: true, expires at: 1777836157263
[debug] [2026-05-03T18:36:35.163Z] >>> [apiv2][query] GET https://firebase.googleapis.com/v1beta1/projects pageSize=1000
[debug] [2026-05-03T18:36:35.931Z] <<< [apiv2][status] GET https://firebase.googleapis.com/v1beta1/projects 200
[debug] [2026-05-03T18:36:35.931Z] <<< [apiv2][body] GET https://firebase.googleapis.com/v1beta1/projects [omitted]
[debug] [2026-05-03T18:39:12.500Z] [Firebase Plugin] Activating Firebase extension.
[info] [Firebase Plugin] Checked firebase-tools, is up to date!
[debug] [2026-05-03T18:39:16.233Z] [Firebase Plugin] requireAuthWrapper
[debug] [2026-05-03T18:39:16.236Z] > command requires scopes: ["email","openid","https://www.googleapis.com/auth/cloudplatformprojects.readonly","https://www.googleapis.com/auth/firebase","https://www.googleapis.com/auth/cloud-platform"]
[debug] [2026-05-03T18:39:16.237Z] > authorizing via signed-in user (empressempiresllc@gmail.com)
[debug] [2026-05-03T18:39:16.239Z] Checked if tokens are valid: true, expires at: 1777836157263
[debug] [2026-05-03T18:39:16.240Z] Checked if tokens are valid: true, expires at: 1777836157263
[debug] [2026-05-03T18:39:16.240Z] [Firebase Plugin] User found:  empressempiresllc@gmail.com
[info] [Firebase Plugin] (Core:Project) New user detected, fetching projects
[debug] [2026-05-03T18:39:16.241Z] Checked if tokens are valid: true, expires at: 1777836157263
[debug] [2026-05-03T18:39:16.242Z] >>> [apiv2][query] GET https://firebase.googleapis.com/v1beta1/projects pageSize=1000
[debug] [2026-05-03T18:39:17.834Z] <<< [apiv2][status] GET https://firebase.googleapis.com/v1beta1/projects 200
[debug] [2026-05-03T18:39:17.835Z] <<< [apiv2][body] GET https://firebase.googleapis.com/v1beta1/projects [omitted]
